0 verbose cli /usr/local/bin/node /usr/local/bin/npm
1 info using npm@11.6.2
2 info using node@v24.11.1
3 silly config load:file:/usr/local/lib/node_modules/npm/npmrc
4 silly config load:file:/Users/alessiodepreytere/Documents/GitHub/ThoKan_cloud/frontend/.npmrc
5 silly config load:file:/Users/alessiodepreytere/.npmrc
6 silly config load:file:/usr/local/etc/npmrc
7 verbose title npm install mammoth jszip xlsx
8 verbose argv "install" "mammoth" "jszip" "xlsx" "--cache" ".npm-cache"
9 verbose logfile logs-max:10 dir:/Users/alessiodepreytere/Documents/GitHub/ThoKan_cloud/frontend/.npm-cache/_logs/2026-03-10T20_54_04_474Z-
10 verbose logfile /Users/alessiodepreytere/Documents/GitHub/ThoKan_cloud/frontend/.npm-cache/_logs/2026-03-10T20_54_04_474Z-debug-0.log
11 silly logfile done cleaning log files
12 silly packumentCache heap:2348810240 maxSize:587202560 maxEntrySize:293601280
13 silly idealTree buildDeps
14 silly fetch manifest mammoth@*
15 silly packumentCache full:https://registry.npmjs.org/mammoth cache-miss
16 http fetch GET 200 https://registry.npmjs.org/mammoth 107ms (cache miss)
17 silly packumentCache full:https://registry.npmjs.org/mammoth set size:undefined disposed:false
18 silly fetch manifest jszip@*
19 silly packumentCache full:https://registry.npmjs.org/jszip cache-miss
20 http fetch GET 200 https://registry.npmjs.org/npm 216ms
21 http fetch GET 200 https://registry.npmjs.org/jszip 64ms (cache miss)
22 silly packumentCache full:https://registry.npmjs.org/jszip set size:undefined disposed:false
23 silly fetch manifest xlsx@*
24 silly packumentCache full:https://registry.npmjs.org/xlsx cache-miss
25 http fetch GET 200 https://registry.npmjs.org/xlsx 54ms (cache miss)
26 silly packumentCache full:https://registry.npmjs.org/xlsx set size:undefined disposed:false
27 silly placeDep ROOT jszip@3.10.1 OK for: thokan-cloud-frontend@1.0.0 want: *
28 silly placeDep ROOT mammoth@1.11.0 OK for: thokan-cloud-frontend@1.0.0 want: *
29 silly placeDep ROOT xlsx@0.18.5 OK for: thokan-cloud-frontend@1.0.0 want: *
30 silly fetch manifest lie@~3.3.0
31 silly packumentCache full:https://registry.npmjs.org/lie cache-miss
32 silly fetch manifest pako@~1.0.2
33 silly packumentCache full:https://registry.npmjs.org/pako cache-miss
34 silly fetch manifest setimmediate@^1.0.5
35 silly packumentCache full:https://registry.npmjs.org/setimmediate cache-miss
36 silly fetch manifest readable-stream@~2.3.6
37 silly packumentCache full:https://registry.npmjs.org/readable-stream cache-miss
38 silly fetch manifest argparse@~1.0.3
39 silly packumentCache full:https://registry.npmjs.org/argparse cache-miss
40 silly fetch manifest bluebird@~3.4.0
41 silly packumentCache full:https://registry.npmjs.org/bluebird cache-miss
42 silly fetch manifest dingbat-to-unicode@^1.0.1
43 silly packumentCache full:https://registry.npmjs.org/dingbat-to-unicode cache-miss
44 http fetch GET 200 https://registry.npmjs.org/lie 52ms (cache miss)
45 silly packumentCache full:https://registry.npmjs.org/lie set size:undefined disposed:false
46 silly fetch manifest lop@^0.4.2
47 silly packumentCache full:https://registry.npmjs.org/lop cache-miss
48 http fetch GET 200 https://registry.npmjs.org/pako 59ms (cache miss)
49 silly packumentCache full:https://registry.npmjs.org/pako set size:undefined disposed:false
50 silly fetch manifest path-is-absolute@^1.0.0
51 silly packumentCache full:https://registry.npmjs.org/path-is-absolute cache-miss
52 http fetch GET 200 https://registry.npmjs.org/setimmediate 95ms (cache miss)
53 silly packumentCache full:https://registry.npmjs.org/setimmediate set size:undefined disposed:false
54 silly fetch manifest underscore@^1.13.1
55 silly packumentCache full:https://registry.npmjs.org/underscore cache-miss
56 http fetch GET 200 https://registry.npmjs.org/lop 44ms (cache miss)
57 silly packumentCache full:https://registry.npmjs.org/lop set size:undefined disposed:false
58 silly fetch manifest xmlbuilder@^10.0.0
59 silly packumentCache full:https://registry.npmjs.org/xmlbuilder cache-miss
60 http fetch GET 200 https://registry.npmjs.org/argparse 99ms (cache miss)
61 silly packumentCache full:https://registry.npmjs.org/argparse set size:undefined disposed:false
62 silly fetch manifest cfb@~1.2.1
63 silly packumentCache full:https://registry.npmjs.org/cfb cache-miss
64 http fetch GET 200 https://registry.npmjs.org/bluebird 105ms (cache miss)
65 silly packumentCache full:https://registry.npmjs.org/bluebird set size:undefined disposed:false
66 silly fetch manifest ssf@~0.11.2
67 silly packumentCache full:https://registry.npmjs.org/ssf cache-miss
68 http fetch GET 200 https://registry.npmjs.org/path-is-absolute 51ms (cache miss)
69 silly packumentCache full:https://registry.npmjs.org/path-is-absolute set size:undefined disposed:false
70 silly fetch manifest wmf@~1.0.1
71 silly packumentCache full:https://registry.npmjs.org/wmf cache-miss
72 http fetch GET 200 https://registry.npmjs.org/readable-stream 113ms (cache miss)
73 silly packumentCache full:https://registry.npmjs.org/readable-stream set size:undefined disposed:false
74 silly fetch manifest word@~0.3.0
75 silly packumentCache full:https://registry.npmjs.org/word cache-miss
76 http fetch GET 200 https://registry.npmjs.org/xmlbuilder 47ms (cache miss)
77 silly packumentCache full:https://registry.npmjs.org/xmlbuilder set size:undefined disposed:false
78 silly fetch manifest crc-32@~1.2.1
79 silly packumentCache full:https://registry.npmjs.org/crc-32 cache-miss
80 http fetch GET 200 https://registry.npmjs.org/ssf 39ms (cache miss)
81 silly packumentCache full:https://registry.npmjs.org/ssf set size:undefined disposed:false
82 silly fetch manifest adler-32@~1.3.0
83 silly packumentCache full:https://registry.npmjs.org/adler-32 cache-miss
84 http fetch GET 200 https://registry.npmjs.org/underscore 54ms (cache miss)
85 silly packumentCache full:https://registry.npmjs.org/underscore set size:undefined disposed:false
86 silly fetch manifest codepage@~1.15.0
87 silly packumentCache full:https://registry.npmjs.org/codepage cache-miss
88 http fetch GET 200 https://registry.npmjs.org/wmf 42ms (cache miss)
89 silly packumentCache full:https://registry.npmjs.org/wmf set size:undefined disposed:false
90 http fetch GET 200 https://registry.npmjs.org/word 44ms (cache miss)
91 silly packumentCache full:https://registry.npmjs.org/word set size:undefined disposed:false
92 http fetch GET 200 https://registry.npmjs.org/adler-32 33ms (cache miss)
93 silly packumentCache full:https://registry.npmjs.org/adler-32 set size:undefined disposed:false
94 http fetch GET 200 https://registry.npmjs.org/crc-32 37ms (cache miss)
95 silly packumentCache full:https://registry.npmjs.org/crc-32 set size:undefined disposed:false
96 http fetch GET 200 https://registry.npmjs.org/codepage 40ms (cache miss)
97 silly packumentCache full:https://registry.npmjs.org/codepage set size:undefined disposed:false
98 http fetch GET 200 https://registry.npmjs.org/dingbat-to-unicode 284ms (cache miss)
99 silly packumentCache full:https://registry.npmjs.org/dingbat-to-unicode set size:undefined disposed:false
100 http fetch GET 200 https://registry.npmjs.org/cfb 545ms (cache miss)
101 silly packumentCache full:https://registry.npmjs.org/cfb set size:undefined disposed:false
102 silly placeDep ROOT lie@3.3.0 OK for: jszip@3.10.1 want: ~3.3.0
103 silly placeDep ROOT pako@1.0.11 OK for: jszip@3.10.1 want: ~1.0.2
104 silly placeDep node_modules/jszip readable-stream@2.3.8 OK for: jszip@3.10.1 want: ~2.3.6
105 silly placeDep ROOT setimmediate@1.0.5 OK for: jszip@3.10.1 want: ^1.0.5
106 silly fetch manifest immediate@~3.0.5
107 silly packumentCache full:https://registry.npmjs.org/immediate cache-miss
108 silly fetch manifest isarray@~1.0.0
109 silly packumentCache full:https://registry.npmjs.org/isarray cache-miss
110 silly fetch manifest safe-buffer@~5.1.1
111 silly packumentCache full:https://registry.npmjs.org/safe-buffer cache-miss
112 silly fetch manifest core-util-is@~1.0.0
113 silly packumentCache full:https://registry.npmjs.org/core-util-is cache-miss
114 silly fetch manifest string_decoder@~1.1.1
115 silly packumentCache full:https://registry.npmjs.org/string_decoder cache-miss
116 silly fetch manifest process-nextick-args@~2.0.0
117 silly packumentCache full:https://registry.npmjs.org/process-nextick-args cache-miss
118 http fetch GET 200 https://registry.npmjs.org/core-util-is 34ms (cache miss)
119 silly packumentCache full:https://registry.npmjs.org/core-util-is set size:undefined disposed:false
120 http fetch GET 200 https://registry.npmjs.org/process-nextick-args 38ms (cache miss)
121 silly packumentCache full:https://registry.npmjs.org/process-nextick-args set size:undefined disposed:false
122 http fetch GET 200 https://registry.npmjs.org/safe-buffer 44ms (cache miss)
123 silly packumentCache full:https://registry.npmjs.org/safe-buffer set size:undefined disposed:false
124 http fetch GET 200 https://registry.npmjs.org/string_decoder 48ms (cache miss)
125 silly packumentCache full:https://registry.npmjs.org/string_decoder set size:undefined disposed:false
126 http fetch GET 200 https://registry.npmjs.org/isarray 48ms (cache miss)
127 silly packumentCache full:https://registry.npmjs.org/isarray set size:undefined disposed:false
128 http fetch GET 200 https://registry.npmjs.org/immediate 52ms (cache miss)
129 silly packumentCache full:https://registry.npmjs.org/immediate set size:undefined disposed:false
130 silly placeDep ROOT immediate@3.0.6 OK for: lie@3.3.0 want: ~3.0.5
131 silly placeDep ROOT argparse@1.0.10 OK for: mammoth@1.11.0 want: ~1.0.3
132 silly placeDep ROOT bluebird@3.4.7 OK for: mammoth@1.11.0 want: ~3.4.0
133 silly placeDep ROOT dingbat-to-unicode@1.0.1 OK for: mammoth@1.11.0 want: ^1.0.1
134 silly placeDep ROOT lop@0.4.2 OK for: mammoth@1.11.0 want: ^0.4.2
135 silly placeDep ROOT path-is-absolute@1.0.1 OK for: mammoth@1.11.0 want: ^1.0.0
136 silly placeDep ROOT underscore@1.13.8 OK for: mammoth@1.11.0 want: ^1.13.1
137 silly placeDep node_modules/mammoth xmlbuilder@10.1.1 OK for: mammoth@1.11.0 want: ^10.0.0
138 silly fetch manifest sprintf-js@~1.0.2
139 silly packumentCache full:https://registry.npmjs.org/sprintf-js cache-miss
140 silly fetch manifest duck@^0.1.12
141 silly packumentCache full:https://registry.npmjs.org/duck cache-miss
142 silly fetch manifest option@~0.2.1
143 silly packumentCache full:https://registry.npmjs.org/option cache-miss
144 http fetch GET 200 https://registry.npmjs.org/sprintf-js 73ms (cache miss)
145 silly packumentCache full:https://registry.npmjs.org/sprintf-js set size:undefined disposed:false
146 http fetch GET 200 https://registry.npmjs.org/option 216ms (cache miss)
147 silly packumentCache full:https://registry.npmjs.org/option set size:undefined disposed:false
148 http fetch GET 200 https://registry.npmjs.org/duck 251ms (cache miss)
149 silly packumentCache full:https://registry.npmjs.org/duck set size:undefined disposed:false
150 silly placeDep ROOT sprintf-js@1.0.3 OK for: argparse@1.0.10 want: ~1.0.2
151 silly placeDep ROOT duck@0.1.12 OK for: lop@0.4.2 want: ^0.1.12
152 silly placeDep ROOT option@0.2.4 OK for: lop@0.4.2 want: ~0.2.1
153 silly placeDep ROOT adler-32@1.3.1 OK for: xlsx@0.18.5 want: ~1.3.0
154 silly placeDep ROOT cfb@1.2.2 OK for: xlsx@0.18.5 want: ~1.2.1
155 silly placeDep ROOT codepage@1.15.0 OK for: xlsx@0.18.5 want: ~1.15.0
156 silly placeDep ROOT crc-32@1.2.2 OK for: xlsx@0.18.5 want: ~1.2.1
157 silly placeDep ROOT ssf@0.11.2 OK for: xlsx@0.18.5 want: ~0.11.2
158 silly placeDep ROOT wmf@1.0.2 OK for: xlsx@0.18.5 want: ~1.0.1
159 silly placeDep ROOT word@0.3.0 OK for: xlsx@0.18.5 want: ~0.3.0
160 silly fetch manifest crc-32@~1.2.0
161 silly packumentCache full:https://registry.npmjs.org/crc-32 cache-miss
162 silly fetch manifest frac@~1.1.2
163 silly packumentCache full:https://registry.npmjs.org/frac cache-miss
164 http cache https://registry.npmjs.org/crc-32 4ms (cache hit)
165 silly packumentCache full:https://registry.npmjs.org/crc-32 set size:32170 disposed:false
166 http fetch GET 200 https://registry.npmjs.org/frac 34ms (cache miss)
167 silly packumentCache full:https://registry.npmjs.org/frac set size:undefined disposed:false
168 silly placeDep ROOT frac@1.1.2 OK for: ssf@0.11.2 want: ~1.1.2
169 silly placeDep ROOT core-util-is@1.0.3 OK for: readable-stream@2.3.8 want: ~1.0.0
170 silly placeDep ROOT isarray@1.0.0 OK for: readable-stream@2.3.8 want: ~1.0.0
171 silly placeDep ROOT process-nextick-args@2.0.1 OK for: readable-stream@2.3.8 want: ~2.0.0
172 silly placeDep node_modules/jszip safe-buffer@5.1.2 OK for: readable-stream@2.3.8 want: ~5.1.1
173 silly placeDep node_modules/jszip string_decoder@1.1.1 OK for: readable-stream@2.3.8 want: ~1.1.1
174 silly reify moves {}
175 verbose stack Error: EACCES: permission denied, mkdir '/Users/alessiodepreytere/Documents/GitHub/ThoKan_cloud/frontend/node_modules/fsevents'
175 verbose stack     at async mkdir (node:internal/fs/promises:861:10)
175 verbose stack     at async /usr/local/lib/node_modules/npm/node_modules/@npmcli/arborist/lib/arborist/reify.js:576:20
175 verbose stack     at async Promise.allSettled (index 0)
175 verbose stack     at async [reifyPackages] (/usr/local/lib/node_modules/npm/node_modules/@npmcli/arborist/lib/arborist/reify.js:313:11)
175 verbose stack     at async Arborist.reify (/usr/local/lib/node_modules/npm/node_modules/@npmcli/arborist/lib/arborist/reify.js:125:5)
175 verbose stack     at async Install.exec (/usr/local/lib/node_modules/npm/lib/commands/install.js:150:5)
175 verbose stack     at async Npm.exec (/usr/local/lib/node_modules/npm/lib/npm.js:208:9)
175 verbose stack     at async module.exports (/usr/local/lib/node_modules/npm/lib/cli/entry.js:67:5)
176 error code EACCES
177 error syscall mkdir
178 error path /Users/alessiodepreytere/Documents/GitHub/ThoKan_cloud/frontend/node_modules/fsevents
179 error errno -13
180 error Error: EACCES: permission denied, mkdir '/Users/alessiodepreytere/Documents/GitHub/ThoKan_cloud/frontend/node_modules/fsevents'
180 error     at async mkdir (node:internal/fs/promises:861:10)
180 error     at async /usr/local/lib/node_modules/npm/node_modules/@npmcli/arborist/lib/arborist/reify.js:576:20
180 error     at async Promise.allSettled (index 0)
180 error     at async [reifyPackages] (/usr/local/lib/node_modules/npm/node_modules/@npmcli/arborist/lib/arborist/reify.js:313:11)
180 error     at async Arborist.reify (/usr/local/lib/node_modules/npm/node_modules/@npmcli/arborist/lib/arborist/reify.js:125:5)
180 error     at async Install.exec (/usr/local/lib/node_modules/npm/lib/commands/install.js:150:5)
180 error     at async Npm.exec (/usr/local/lib/node_modules/npm/lib/npm.js:208:9)
180 error     at async module.exports (/usr/local/lib/node_modules/npm/lib/cli/entry.js:67:5) {
180 error   errno: -13,
180 error   code: 'EACCES',
180 error   syscall: 'mkdir',
180 error   path: '/Users/alessiodepreytere/Documents/GitHub/ThoKan_cloud/frontend/node_modules/fsevents'
180 error }
181 error
181 error The operation was rejected by your operating system.
181 error It is likely you do not have the permissions to access this file as the current user
181 error
181 error If you believe this might be a permissions issue, please double-check the
181 error permissions of the file and its containing directories, or try running
181 error the command again as root/Administrator.
182 silly unfinished npm timer reify 1773176044794
183 silly unfinished npm timer reify:createSparse 1773176046079
184 verbose cwd /Users/alessiodepreytere/Documents/GitHub/ThoKan_cloud/frontend
185 verbose os Darwin 25.4.0
186 verbose node v24.11.1
187 verbose npm  v11.6.2
188 notice
188 notice New [33mminor[39m version of npm available! [33m11.6.2[39m -> [34m11.11.0[39m
188 notice Changelog: [34mhttps://github.com/npm/cli/releases/tag/v11.11.0[39m
188 notice To update run: [4mnpm install -g npm@11.11.0[24m
188 notice  { force: true, Symbol(proc-log.meta): true }
189 verbose exit -13
190 verbose code -13
191 error A complete log of this run can be found in: /Users/alessiodepreytere/Documents/GitHub/ThoKan_cloud/frontend/.npm-cache/_logs/2026-03-10T20_54_04_474Z-debug-0.log
